{"numTotalTestSuites":18,"numPassedTestSuites":16,"numFailedTestSuites":2,"numPendingTestSuites":0,"numTotalTests":31,"numPassedTests":14,"numFailedTests":0,"numPendingTests":17,"numTodoTests":0,"snapshot":{"added":0,"failure":false,"filesAdded":0,"filesRemoved":0,"filesRemovedList":[],"filesUnmatched":0,"filesUpdated":0,"matched":0,"total":0,"unchecked":0,"uncheckedKeysByFile":[],"unmatched":0,"updated":0,"didUpdate":false},"startTime":1750780240591,"success":false,"testResults":[{"assertionResults":[],"startTime":1750780240591,"endTime":1750780240591,"status":"failed","message":"window is not defined","name":"/Users/steipete/Projects/vibetunnel/web/src/test/unit/buffer-subscription-service.test.ts"},{"assertionResults":[],"startTime":1750780240591,"endTime":1750780240591,"status":"failed","message":"Could not find pty.node next to executable at: /Users/steipete/.nvm/versions/node/v24.1.0/bin/pty.node","name":"/Users/steipete/Projects/vibetunnel/web/src/test/unit/pty-manager.test.ts"},{"assertionResults":[{"ancestorTitles":["SessionManager","Session Persistence"],"fullName":"SessionManager Session Persistence should save session info to file","status":"passed","title":"should save session info to file","duration":6.290417000000019,"failureMessages":[],"meta":{}},{"ancestorTitles":["SessionManager","Session Persistence"],"fullName":"SessionManager Session Persistence should load session info from file","status":"passed","title":"should load session info from file","duration":3.841458000000017,"failureMessages":[],"meta":{}},{"ancestorTitles":["SessionManager","Session Persistence"],"fullName":"SessionManager Session Persistence should return null for non-existent session","status":"passed","title":"should return null for non-existent session","duration":0.16995800000000827,"failureMessages":[],"meta":{}},{"ancestorTitles":["SessionManager","Session Persistence"],"fullName":"SessionManager Session Persistence should update existing session status","status":"passed","title":"should update existing session status","duration":4.015332999999998,"failureMessages":[],"meta":{}},{"ancestorTitles":["SessionManager","Session Discovery"],"fullName":"SessionManager Session Discovery should list all sessions","status":"passed","title":"should list all sessions","duration":11.461791999999974,"failureMessages":[],"meta":{}},{"ancestorTitles":["SessionManager","Session Discovery"],"fullName":"SessionManager Session Discovery should handle empty directory","status":"passed","title":"should handle empty directory","duration":0.13750000000004547,"failureMessages":[],"meta":{}},{"ancestorTitles":["SessionManager","Session Discovery"],"fullName":"SessionManager Session Discovery should ignore files that are not directories","status":"passed","title":"should ignore files that are not directories","duration":4.601958000000025,"failureMessages":[],"meta":{}},{"ancestorTitles":["SessionManager","Session Discovery"],"fullName":"SessionManager Session Discovery should handle corrupted session files gracefully","status":"passed","title":"should handle corrupted session files gracefully","duration":0.6266250000000468,"failureMessages":[],"meta":{}},{"ancestorTitles":["SessionManager","Zombie Detection"],"fullName":"SessionManager Zombie Detection should identify zombie sessions","status":"passed","title":"should identify zombie sessions","duration":11.353541000000007,"failureMessages":[],"meta":{}},{"ancestorTitles":["SessionManager","Zombie Detection"],"fullName":"SessionManager Zombie Detection should handle sessions without PID","status":"passed","title":"should handle sessions without PID","duration":3.998583999999994,"failureMessages":[],"meta":{}},{"ancestorTitles":["SessionManager","Session Cleanup"],"fullName":"SessionManager Session Cleanup should cleanup session directory","status":"passed","title":"should cleanup session directory","duration":3.5891249999999673,"failureMessages":[],"meta":{}},{"ancestorTitles":["SessionManager","Session Cleanup"],"fullName":"SessionManager Session Cleanup should handle non-existent session cleanup gracefully","status":"passed","title":"should handle non-existent session cleanup gracefully","duration":0.35691600000001245,"failureMessages":[],"meta":{}},{"ancestorTitles":["SessionManager","Control Files"],"fullName":"SessionManager Control Files should create control files via createSessionDirectory","status":"passed","title":"should create control files via createSessionDirectory","duration":3.118417000000022,"failureMessages":[],"meta":{}},{"ancestorTitles":["SessionManager","Control Files"],"fullName":"SessionManager Control Files should check if session exists","status":"passed","title":"should check if session exists","duration":3.590750000000014,"failureMessages":[],"meta":{}}],"startTime":1750780240928,"endTime":1750780240984.5908,"status":"passed","message":"","name":"/Users/steipete/Projects/vibetunnel/web/src/test/unit/session-manager.test.ts"},{"assertionResults":[{"ancestorTitles":["TerminalManager - OUTDATED TESTS","Terminal Creation"],"fullName":"TerminalManager - OUTDATED TESTS Terminal Creation should create a new terminal","status":"skipped","title":"should create a new terminal","failureMessages":[],"meta":{}},{"ancestorTitles":["TerminalManager - OUTDATED TESTS","Terminal Creation"],"fullName":"TerminalManager - OUTDATED TESTS Terminal Creation should update existing terminal on recreation","status":"skipped","title":"should update existing terminal on recreation","failureMessages":[],"meta":{}},{"ancestorTitles":["TerminalManager - OUTDATED TESTS","Terminal Output"],"fullName":"TerminalManager - OUTDATED TESTS Terminal Output should write output to terminal","status":"skipped","title":"should write output to terminal","failureMessages":[],"meta":{}},{"ancestorTitles":["TerminalManager - OUTDATED TESTS","Terminal Output"],"fullName":"TerminalManager - OUTDATED TESTS Terminal Output should handle ANSI escape sequences","status":"skipped","title":"should handle ANSI escape sequences","failureMessages":[],"meta":{}},{"ancestorTitles":["TerminalManager - OUTDATED TESTS","Terminal Output"],"fullName":"TerminalManager - OUTDATED TESTS Terminal Output should ignore output for non-existent terminal","status":"skipped","title":"should ignore output for non-existent terminal","failureMessages":[],"meta":{}},{"ancestorTitles":["TerminalManager - OUTDATED TESTS","Terminal Resize"],"fullName":"TerminalManager - OUTDATED TESTS Terminal Resize should resize terminal","status":"skipped","title":"should resize terminal","failureMessages":[],"meta":{}},{"ancestorTitles":["TerminalManager - OUTDATED TESTS","Terminal Resize"],"fullName":"TerminalManager - OUTDATED TESTS Terminal Resize should handle resize for non-existent terminal","status":"skipped","title":"should handle resize for non-existent terminal","failureMessages":[],"meta":{}},{"ancestorTitles":["TerminalManager - OUTDATED TESTS","Buffer Snapshot"],"fullName":"TerminalManager - OUTDATED TESTS Buffer Snapshot should get buffer snapshot","status":"skipped","title":"should get buffer snapshot","failureMessages":[],"meta":{}},{"ancestorTitles":["TerminalManager - OUTDATED TESTS","Buffer Snapshot"],"fullName":"TerminalManager - OUTDATED TESTS Buffer Snapshot should include cursor position in snapshot","status":"skipped","title":"should include cursor position in snapshot","failureMessages":[],"meta":{}},{"ancestorTitles":["TerminalManager - OUTDATED TESTS","Buffer Snapshot"],"fullName":"TerminalManager - OUTDATED TESTS Buffer Snapshot should return null for non-existent terminal","status":"skipped","title":"should return null for non-existent terminal","failureMessages":[],"meta":{}},{"ancestorTitles":["TerminalManager - OUTDATED TESTS","Binary Encoding"],"fullName":"TerminalManager - OUTDATED TESTS Binary Encoding should encode snapshot to binary format","status":"skipped","title":"should encode snapshot to binary format","failureMessages":[],"meta":{}},{"ancestorTitles":["TerminalManager - OUTDATED TESTS","Binary Encoding"],"fullName":"TerminalManager - OUTDATED TESTS Binary Encoding should encode empty lines efficiently","status":"skipped","title":"should encode empty lines efficiently","failureMessages":[],"meta":{}},{"ancestorTitles":["TerminalManager - OUTDATED TESTS","Binary Encoding"],"fullName":"TerminalManager - OUTDATED TESTS Binary Encoding should encode styled text","status":"skipped","title":"should encode styled text","failureMessages":[],"meta":{}},{"ancestorTitles":["TerminalManager - OUTDATED TESTS","Terminal Cleanup"],"fullName":"TerminalManager - OUTDATED TESTS Terminal Cleanup should remove terminal","status":"skipped","title":"should remove terminal","failureMessages":[],"meta":{}},{"ancestorTitles":["TerminalManager - OUTDATED TESTS","Terminal Cleanup"],"fullName":"TerminalManager - OUTDATED TESTS Terminal Cleanup should handle removing non-existent terminal","status":"skipped","title":"should handle removing non-existent terminal","failureMessages":[],"meta":{}},{"ancestorTitles":["TerminalManager - OUTDATED TESTS","Buffer Change Notifications"],"fullName":"TerminalManager - OUTDATED TESTS Buffer Change Notifications should emit buffer change events","status":"skipped","title":"should emit buffer change events","failureMessages":[],"meta":{}},{"ancestorTitles":["TerminalManager - OUTDATED TESTS","Buffer Change Notifications"],"fullName":"TerminalManager - OUTDATED TESTS Buffer Change Notifications should debounce rapid changes","status":"skipped","title":"should debounce rapid changes","failureMessages":[],"meta":{}}],"startTime":1750780240591,"endTime":1750780240591,"status":"passed","message":"","name":"/Users/steipete/Projects/vibetunnel/web/src/test/unit/terminal-manager.test.ts"}]}